<?xml version="1.0" encoding="UTF-8"?>
<testng-results skipped="0" failed="0" ignored="0" total="1" passed="1">
  <reporter-output>
  </reporter-output>
  <suite name="Default suite" duration-ms="7888" started-at="2021-06-29T14:44:11 UYT" finished-at="2021-06-29T14:44:19 UYT">
    <groups>
    </groups>
    <test name="Default test" duration-ms="7888" started-at="2021-06-29T14:44:11 UYT" finished-at="2021-06-29T14:44:19 UYT">
      <class name="com.sauceprojectdemo.test.loginTestNG">
        <test-method status="PASS" signature="beforeSuite()[pri:0, instance:com.sauceprojectdemo.test.loginTestNG@50d0686]" name="beforeSuite" is-config="true" duration-ms="8" started-at="2021-06-29T14:44:11 UYT" finished-at="2021-06-29T14:44:11 UYT">
          <reporter-output>
          </reporter-output>
        </test-method> <!-- beforeSuite -->
        <test-method status="PASS" signature="beforeTest()[pri:0, instance:com.sauceprojectdemo.test.loginTestNG@50d0686]" name="beforeTest" is-config="true" duration-ms="3278" started-at="2021-06-29T14:44:11 UYT" finished-at="2021-06-29T14:44:14 UYT">
          <reporter-output>
          </reporter-output>
        </test-method> <!-- beforeTest -->
        <test-method status="PASS" signature="beforeClass()[pri:0, instance:com.sauceprojectdemo.test.loginTestNG@50d0686]" name="beforeClass" is-config="true" duration-ms="1" started-at="2021-06-29T14:44:14 UYT" finished-at="2021-06-29T14:44:14 UYT">
          <reporter-output>
          </reporter-output>
        </test-method> <!-- beforeClass -->
        <test-method status="PASS" signature="beforeMethod()[pri:0, instance:com.sauceprojectdemo.test.loginTestNG@50d0686]" name="beforeMethod" is-config="true" duration-ms="0" started-at="2021-06-29T14:44:14 UYT" finished-at="2021-06-29T14:44:14 UYT">
          <reporter-output>
          </reporter-output>
        </test-method> <!-- beforeMethod -->
        <test-method status="PASS" signature="loginTest()[pri:0, instance:com.sauceprojectdemo.test.loginTestNG@50d0686]" name="loginTest" duration-ms="3686" started-at="2021-06-29T14:44:14 UYT" description="prueba de login exitosa" finished-at="2021-06-29T14:44:18 UYT">
          <reporter-output>
          </reporter-output>
        </test-method> <!-- loginTest -->
        <test-method status="PASS" signature="afterMethod()[pri:0, instance:com.sauceprojectdemo.test.loginTestNG@50d0686]" name="afterMethod" is-config="true" duration-ms="2" started-at="2021-06-29T14:44:18 UYT" finished-at="2021-06-29T14:44:18 UYT">
          <reporter-output>
          </reporter-output>
        </test-method> <!-- afterMethod -->
        <test-method status="PASS" signature="afterClass()[pri:0, instance:com.sauceprojectdemo.test.loginTestNG@50d0686]" name="afterClass" is-config="true" duration-ms="1" started-at="2021-06-29T14:44:18 UYT" finished-at="2021-06-29T14:44:18 UYT">
          <reporter-output>
          </reporter-output>
        </test-method> <!-- afterClass -->
        <test-method status="PASS" signature="afterTest()[pri:0, instance:com.sauceprojectdemo.test.loginTestNG@50d0686]" name="afterTest" is-config="true" duration-ms="844" started-at="2021-06-29T14:44:18 UYT" finished-at="2021-06-29T14:44:19 UYT">
          <reporter-output>
          </reporter-output>
        </test-method> <!-- afterTest -->
        <test-method status="PASS" signature="afterSuite()[pri:0, instance:com.sauceprojectdemo.test.loginTestNG@50d0686]" name="afterSuite" is-config="true" duration-ms="1" started-at="2021-06-29T14:44:19 UYT" finished-at="2021-06-29T14:44:19 UYT">
          <reporter-output>
          </reporter-output>
        </test-method> <!-- afterSuite -->
      </class> <!-- com.sauceprojectdemo.test.loginTestNG -->
    </test> <!-- Default test -->
  </suite> <!-- Default suite -->
</testng-results>
